<?xml version="1.0" encoding="UTF-8"?>
<!-- Generated by org.testng.reporters.JUnitReportReporter -->
<testsuite hostname="Shaheems-MacBook-Pro.local" failures="0" tests="8" name="api.tests.DataDrivenTest" time="15.741" errors="0" timestamp="2024-08-03T12:23:50 IST" skipped="0">
  <testcase classname="api.tests.DataDrivenTest" name="testPostUser" time="1.713"/>
  <testcase classname="api.tests.DataDrivenTest" name="testPostUser" time="1.917"/>
  <testcase classname="api.tests.DataDrivenTest" name="testPostUser" time="1.640"/>
  <testcase classname="api.tests.DataDrivenTest" name="testPostUser" time="1.748"/>
  <testcase classname="api.tests.DataDrivenTest" name="testDeleteUser" time="3.132"/>
  <testcase classname="api.tests.DataDrivenTest" name="testDeleteUser" time="1.594"/>
  <testcase classname="api.tests.DataDrivenTest" name="testDeleteUser" time="2.013"/>
  <testcase classname="api.tests.DataDrivenTest" name="testDeleteUser" time="1.984"/>
</testsuite> <!-- api.tests.DataDrivenTest -->
