<?xml version="1.0" encoding="UTF-8"?>
<!-- Generated by org.testng.reporters.JUnitReportReporter -->
<testsuite hostname="Shaheems-MacBook-Pro.local" failures="0" tests="4" name="api.tests.UserTest" time="7.502" errors="0" timestamp="2024-08-03T13:08:55 IST" skipped="0">
  <testcase classname="api.tests.UserTest" name="testPostUser" time="2.059"/>
  <testcase classname="api.tests.UserTest" name="tetsUpdateUser" time="1.940"/>
  <testcase classname="api.tests.UserTest" name="tetsGetUser" time="1.438"/>
  <testcase classname="api.tests.UserTest" name="tetsDeleteUser" time="2.065"/>
</testsuite> <!-- api.tests.UserTest -->
